<?xml version="1.0" encoding="UTF-8"?>
<robot generator="Robot 6.1.1 (Python 3.12.3 on win32)" generated="20240528 17:18:19.173" rpa="false" schemaversion="4">
<suite id="s1" name="telaConta" source="c:\Users\Thais\OneDrive\Desktop\ATIVIDADE 9\android\features\telaConta.robot">
<test id="s1-t1" name="CT001 - Deve ser possível acessar a funcionalidade de informações de saldo e extrato da conta" line="9">
<kw name="Abrir App" library="config" type="SETUP">
<kw name="Open Application" library="AppiumLibrary">
<arg>http://127.0.0.1:4723</arg>
<arg>automationName=${ANDROID_AUTOMATION_NAME}</arg>
<arg>platformName=${ANDROID_PLATFORM_NAME}</arg>
<arg>platformVersion=${ANDROID_PLATFORM_VERSION}</arg>
<arg>appPackage=${APP_PACKAGE}</arg>
<arg>appActivity=${APP_ACTIVITY}</arg>
<doc>Opens a new application to given Appium server.
Capabilities of appium server, Android and iOS,
Please check https://github.com/appium/appium/blob/master/docs/en/writing-running-appium/server-args.md
| *Option*            | *Man.* | *Description*     |
| remote_url          | Yes    | Appium server url |
| alias               | no     | alias             |
| strict_ssl          | No     | allows you to send commands to an invalid certificate host like a self-signed one. |</doc>
<status status="PASS" starttime="20240528 17:18:19.708" endtime="20240528 17:18:28.963"/>
</kw>
<status status="PASS" starttime="20240528 17:18:19.705" endtime="20240528 17:18:28.964"/>
</kw>
<kw name="Dado que o usuário acessou a tela inicial de sua conta" library="nubankPage">
<kw name="Element Should Be Visible" library="AppiumLibrary">
<arg>${MENSAGEM_OLÁ}</arg>
<doc>Verifies that element identified with locator is visible.</doc>
<msg timestamp="20240528 17:18:30.389" level="INFO">xpath criteria: //android.view.View[contains(@content-desc,"Olá, Breno Freitas")]</msg>
<status status="PASS" starttime="20240528 17:18:28.966" endtime="20240528 17:18:30.393"/>
</kw>
<kw name="Page Should Contain Element" library="AppiumLibrary">
<arg>${MENSAGEM_OLÁ}</arg>
<doc>Verifies that current page contains `locator` element.</doc>
<msg timestamp="20240528 17:18:30.541" level="INFO">Current page contains element 'xpath=//android.view.View[contains(@content-desc,"Olá, Breno Freitas")]'.</msg>
<msg timestamp="20240528 17:18:30.541" level="INFO">xpath criteria: //android.view.View[contains(@content-desc,"Olá, Breno Freitas")]</msg>
<status status="PASS" starttime="20240528 17:18:30.394" endtime="20240528 17:18:30.541"/>
</kw>
<status status="PASS" starttime="20240528 17:18:28.965" endtime="20240528 17:18:30.542"/>
</kw>
<kw name="Quando acessar a funcionalidade Conta" library="nubankPage">
<kw name="Click Element" library="AppiumLibrary">
<arg>${CONTA_E_SALDO}</arg>
<doc>Click element identified by `locator`.</doc>
<msg timestamp="20240528 17:18:30.550" level="INFO">Clicking element 'xpath=//android.view.View[contains(@content-desc,"Conta")]'.</msg>
<msg timestamp="20240528 17:18:31.642" level="INFO">xpath criteria: //android.view.View[contains(@content-desc,"Conta")]</msg>
<status status="PASS" starttime="20240528 17:18:30.544" endtime="20240528 17:18:31.642"/>
</kw>
<status status="PASS" starttime="20240528 17:18:30.543" endtime="20240528 17:18:31.642"/>
</kw>
<kw name="Então terá acesso a tela de informações de saldo e extrato da Conta" library="nubankPage">
<kw name="Element Should Be Visible" library="AppiumLibrary">
<arg>${SALDO_DISPONÍVEL}</arg>
<doc>Verifies that element identified with locator is visible.</doc>
<msg timestamp="20240528 17:18:31.809" level="INFO">xpath criteria: //android.view.View[@content-desc="Saldo disponível"]</msg>
<status status="PASS" starttime="20240528 17:18:31.644" endtime="20240528 17:18:31.810"/>
</kw>
<kw name="Page Should Contain Element" library="AppiumLibrary">
<arg>${SALDO_DISPONÍVEL}</arg>
<doc>Verifies that current page contains `locator` element.</doc>
<msg timestamp="20240528 17:18:31.920" level="INFO">Current page contains element 'xpath=//android.view.View[@content-desc="Saldo disponível"]'.</msg>
<msg timestamp="20240528 17:18:31.920" level="INFO">xpath criteria: //android.view.View[@content-desc="Saldo disponível"]</msg>
<status status="PASS" starttime="20240528 17:18:31.810" endtime="20240528 17:18:31.921"/>
</kw>
<status status="PASS" starttime="20240528 17:18:31.643" endtime="20240528 17:18:31.921"/>
</kw>
<kw name="Teardown" library="config" type="TEARDOWN">
<kw name="Run Keyword If Test Failed" library="BuiltIn">
<arg>Capture Page Screenshot</arg>
<doc>Runs the given keyword with the given arguments, if the test failed.</doc>
<status status="PASS" starttime="20240528 17:18:31.923" endtime="20240528 17:18:31.924"/>
</kw>
<kw name="Close All Applications" library="AppiumLibrary">
<doc>Closes all open applications.</doc>
<status status="PASS" starttime="20240528 17:18:31.924" endtime="20240528 17:18:32.377"/>
</kw>
<status status="PASS" starttime="20240528 17:18:31.922" endtime="20240528 17:18:32.378"/>
</kw>
<status status="PASS" starttime="20240528 17:18:19.703" endtime="20240528 17:18:32.382"/>
</test>
<status status="PASS" starttime="20240528 17:18:19.197" endtime="20240528 17:18:32.385"/>
</suite>
<statistics>
<total>
<stat pass="1" fail="0" skip="0">All Tests</stat>
</total>
<tag>
</tag>
<suite>
<stat pass="1" fail="0" skip="0" id="s1" name="telaConta">telaConta</stat>
</suite>
</statistics>
<errors>
</errors>
</robot>
